<?xml version="1.0" encoding="UTF-8"?>
<!-- Generated by org.testng.reporters.JUnitReportReporter -->
<testsuite hostname="E1269F1L" name="test.Login_Test" tests="1" failures="0" timestamp="10 Aug 2017 12:44:19 GMT" time="7.658" errors="0">
  <testcase name="test_Home_Page_Appear_Correct_POM" time="7.658" classname="test.Login_Test"/>
</testsuite> <!-- test.Login_Test -->
